Arguments: 
  /home/aviskar/.nvm/versions/node/v9.7.1/bin/node /usr/share/yarn/bin/yarn.js start

PATH: 
  /home/aviskar/.nvm/versions/node/v9.7.1/bin:/usr/local/sbin:/usr/local/bin:/usr/sbin:/usr/bin:/sbin:/bin:/usr/games:/usr/local/games:/snap/bin:/home/aviskar/Android/Sdk/tools:/home/aviskar/Android/Sdk/platform-tools

Yarn version: 
  1.0.1

Node version: 
  9.7.1

Platform: 
  linux x64

npm manifest: 
  {
    "name": "anbremittance",
    "version": "1.0.0",
    "description": "",
    "main": "index.js",
    "scripts": {
      "test": "echo \"Error: no test specified\" && exit 1",
      "build": "rimraf dist/ && babel ./ --out-dir dist/ --ignore ./node_modules,./.babelrc,./package.json,./npm-debug.log --copy-files",
      // "start": "npm run build && pm2 start dist/src/",
      "start": "npm run build && node dist/src/",
      "stop": "pm2 stop 0",
      "processes": "pm2 ls"
    },
    "keywords": [],
    "author": "",
    "license": "ISC",
    "dependencies": {
      "dotenv": "^5.0.0",
      "express": "^4.16.2"
    },
    "devDependencies": {
      "babel-cli": "^6.26.0",
      "babel-preset-es2015": "^6.24.1",
      "rimraf": "^2.6.2"
    }
  }

yarn manifest: 
  No manifest

Lockfile: 
  No lockfile

Trace: 
  SyntaxError: /home/aviskar/anbremittance/package.json: Unexpected token / in JSON at position 308
      at JSON.parse (<anonymous>)
      at /usr/share/yarn/lib/cli.js:797:57
      at Generator.next (<anonymous>)
      at step (/usr/share/yarn/lib/cli.js:92:30)
      at /usr/share/yarn/lib/cli.js:103:13
      at <anonymous>
